<?xml version="1.0" encoding="UTF-8"?>
<coverage generated="1605453261052" clover="3.2.0">
  <project timestamp="1605453261052" name="All files">
    <metrics statements="5" coveredstatements="4" conditionals="3" coveredconditionals="3" methods="4" coveredmethods="3" elements="12" coveredelements="10" complexity="0" loc="5" ncloc="5" packages="1" files="1" classes="1"/>
    <file name="init.js" path="/Users/Yubble/Desktop/mygit/jest-test/jest-exercise/programs/init.js">
      <metrics statements="5" coveredstatements="4" conditionals="3" coveredconditionals="3" methods="4" coveredmethods="3"/>
      <line num="1" count="1" type="cond" truecount="1" falsecount="0"/>
      <line num="2" count="1" type="cond" truecount="1" falsecount="0"/>
      <line num="3" count="1" type="cond" truecount="1" falsecount="0"/>
      <line num="4" count="0" type="stmt"/>
      <line num="5" count="1" type="stmt"/>
    </file>
  </project>
</coverage>
