{"/Users/Yubble/Desktop/mygit/jest-test/jest-exercise/programs/init.js": {"path":"/Users/Yubble/Desktop/mygit/jest-test/jest-exercise/programs/init.js","all":false,"statementMap":{"0":{"start":{"line":1,"column":0},"end":{"line":1,"column":36}},"1":{"start":{"line":2,"column":0},"end":{"line":2,"column":38}},"2":{"start":{"line":3,"column":0},"end":{"line":3,"column":38}},"3":{"start":{"line":4,"column":0},"end":{"line":4,"column":39}},"4":{"start":{"line":5,"column":0},"end":{"line":5,"column":38}}},"s":{"0":1,"1":1,"2":1,"3":0,"4":1},"branchMap":{"0":{"type":"branch","line":1,"loc":{"start":{"line":1,"column":0},"end":{"line":1,"column":36}},"locations":[{"start":{"line":1,"column":0},"end":{"line":1,"column":36}}]},"1":{"type":"branch","line":2,"loc":{"start":{"line":2,"column":0},"end":{"line":2,"column":38}},"locations":[{"start":{"line":2,"column":0},"end":{"line":2,"column":38}}]},"2":{"type":"branch","line":3,"loc":{"start":{"line":3,"column":0},"end":{"line":3,"column":38}},"locations":[{"start":{"line":3,"column":0},"end":{"line":3,"column":38}}]}},"b":{"0":[1],"1":[1],"2":[1]},"fnMap":{"0":{"name":"add","decl":{"start":{"line":1,"column":0},"end":{"line":1,"column":36}},"loc":{"start":{"line":1,"column":0},"end":{"line":1,"column":36}},"line":1},"1":{"name":"minus","decl":{"start":{"line":2,"column":0},"end":{"line":2,"column":38}},"loc":{"start":{"line":2,"column":0},"end":{"line":2,"column":38}},"line":2},"2":{"name":"multi","decl":{"start":{"line":3,"column":0},"end":{"line":3,"column":38}},"loc":{"start":{"line":3,"column":0},"end":{"line":3,"column":38}},"line":3},"3":{"name":"divide","decl":{"start":{"line":4,"column":0},"end":{"line":4,"column":39}},"loc":{"start":{"line":4,"column":0},"end":{"line":4,"column":39}},"line":4}},"f":{"0":1,"1":1,"2":1,"3":0}}
}
